116	113	2012	Acura	Tsx sportwagon
110	112	2008	Acura	TL
102	114	2015	Acura	TLX
120	15	2014	Audi	S4
38	18	2015	Audi	S3
28	116	2008	Audi	A4
26	98	2012	Benz	C63
24	2	2016	Bmw	M2
22	172	2014	Bmw	4
10	111	2007	Bmw	328i
64	218	2010	Chevy	Camaro
50	170	2014	Chevy	Cruze
0	0	2015	Chevy	Camaro
96	216	2007	Chrystler	300
48	104	2014	Civic coupe	Si
38	99	2014	Civic	Si
4	72	2016	Civic	Si
8	42	2001	Dodge	Viper
54	137	2017	Ford	Focus rs
30	120	2014	Ford	Focus st
26	219	2016	Ford	Focus rs
112	83	2014	Honda	Accord
106	65	2009	Honda	Fit
102	31	2007	Honda	Fit
66	30	2012	Hyundai	Celoster
62	38	2017	Hyundai	Elantra sport
30	92	2017	Hyundai	Elantra sport
128	128	2010	Infiniti	G37
12	95	2004	Infiniti	G35
44	122	2011	Infinity	M37s
38	20	2009	Infinity	G37
124	124	2015	Jeep	Wrangler
66	123	2006	Lexus	Sc430
40	222	2015	Lexus	Is250
10	190	1995	Lexus	Sc300
48	52	2007	Mazda	Speed 3
36	78	2015	Mazda	6
26	141	1993	Mazda	Miata
78	25	2012	Mercedes	C250
70	84	2012	Mercedes	Cl63amg
34	17	2016	Mercedes	C43
102	91	2010	Mitsu	Lancer
44	140	1995	Mitsu	Evo8
40	176	2014	Mitsu	Lancer
40	19	2001	Mitsub	Evo7
92	228	2010	Nissan	370
84	161	2012	Nissan	370z
84	153	2011	Nissan	370
80	57	2015	Scion	Frs
20	235	2013	Scion	Frs
74	36	2016	Subaru	WRX
68	33	2015	Subaru	Sti
62	23	1998	Subaru	Legacy
58	142	1993	Toyota	Supra
58	110	2011	Toyota	Camry
54	43	2011	Toyota	4 Runner
92	126	2010	Volkswagen	Eos
82	180	2011	Volkswagen	Gti
56	156	2014	Volkswagen	Gli
22	100	2006	Volvo	S60r
